
Showing logs for build [32mcb-kubecd-environment-pr-206-63-zk5hn-1[0m stage [32mfrom-build-pack[0m and container [32mstep-credential-initializer-ll5x9[0m
{"level":"info","ts":1587588194.3047652,"logger":"fallback-logger","caller":"logging/config.go:69","msg":"Fetch GitHub commit ID from kodata failed: open /var/run/ko/refs/heads/0.8.0-ns-support: no such file or directory"}
{"level":"info","ts":1587588194.3056476,"logger":"fallback-logger","caller":"creds-init/main.go:40","msg":"Credentials initialized."}

Showing logs for build [32mcb-kubecd-environment-pr-206-63-zk5hn-1[0m stage [32mfrom-build-pack[0m and container [32mstep-working-dir-initializer-vs2dm[0m
{"level":"info","ts":1587588195.9707046,"logger":"fallback-logger","caller":"logging/config.go:69","msg":"Fetch GitHub commit ID from kodata failed: open /var/run/ko/HEAD: no such file or directory"}
{"level":"info","ts":1587588195.9833145,"logger":"fallback-logger","caller":"bash/main.go:64","msg":"Successfully executed command \"sh -c mkdir -p /workspace/source\"; output "}

Showing logs for build [32mcb-kubecd-environment-pr-206-63-zk5hn-1[0m stage [32mfrom-build-pack[0m and container [32mstep-place-tools[0m

Showing logs for build [32mcb-kubecd-environment-pr-206-63-zk5hn-1[0m stage [32mfrom-build-pack[0m and container [32mstep-git-source-cb-kubecd-environment-pr-206-63-zk5hn-lqjdc[0m
{"level":"info","ts":1587588200.2281725,"logger":"fallback-logger","caller":"logging/config.go:69","msg":"Fetch GitHub commit ID from kodata failed: open /var/run/ko/refs/heads/0.8.0-ns-support: no such file or directory"}
{"level":"info","ts":1587588201.2909205,"logger":"fallback-logger","caller":"git/git.go:103","msg":"Successfully cloned https://github.com/cb-kubecd/environment-pr-206-63-boot-vault-gke-staging.git @ master in path /workspace/source"}

Showing logs for build [32mcb-kubecd-environment-pr-206-63-zk5hn-1[0m stage [32mfrom-build-pack[0m and container [32mstep-git-merge[0m
Using SHAs from PULL_REFS=master:e931887e08369da86153ac4f8716df91c88141e1,1:b1f40c9dae10360a89a4e76c507c67d0a5b0faf7
DEBUG: LC_ALL=C JX_LOG_LEVEL=error git fetch origin --unshallow b1f40c9dae10360a89a4e76c507c67d0a5b0faf7: e931887e08369da86153ac4f8716df91c88141e1:
DEBUG: ran git fetch --unshallow origin b1f40c9dae10360a89a4e76c507c67d0a5b0faf7: e931887e08369da86153ac4f8716df91c88141e1: in 
DEBUG: LC_ALL=C JX_LOG_LEVEL=error git branch
DEBUG: JX_LOG_LEVEL=error LC_ALL=C git checkout master
DEBUG: ran git checkout master in 
DEBUG: LC_ALL=C JX_LOG_LEVEL=error git reset --hard e931887e08369da86153ac4f8716df91c88141e1
DEBUG: ran git reset --hard e931887e08369da86153ac4f8716df91c88141e1 in 
DEBUG: LC_ALL=C JX_LOG_LEVEL=error git clean -fd .
DEBUG: ran clean --force -d . in 
DEBUG: LC_ALL=C JX_LOG_LEVEL=error git merge b1f40c9dae10360a89a4e76c507c67d0a5b0faf7
DEBUG: ran git merge b1f40c9dae10360a89a4e76c507c67d0a5b0faf7 in 
DEBUG: LC_ALL=C JX_LOG_LEVEL=error git log --format=%H%x1f%an%x1f%ae%x1f%cn%x1f%ce%x1f%s%n%b%x1e e931887e08369da86153ac4f8716df91c88141e1..HEAD
Merged SHA b1f40c9dae10360a89a4e76c507c67d0a5b0faf7 with commit message 'chore: Promote bdd-spring-1587587836 to version 0.0.1' into base branch master

Showing logs for build [32mcb-kubecd-environment-pr-206-63-zk5hn-1[0m stage [32mfrom-build-pack[0m and container [32mstep-build-helm-build[0m
WARNING: No $CHART_REPOSITORY defined so using the default value of: http://jenkins-x-chartmuseum:8080
Adding missing Helm repo: storage.googleapis.com https://storage.googleapis.com/chartmuseum.jenkins-x.io
WARNING: No secrets found on "helm/repos" due: reading the secret "helm/repos" from vault: no secret "helm/repos" not found in vault
Read credentials for https://storage.googleapis.com/chartmuseum.jenkins-x.io from vault helm/repos
Successfully added Helm repository storage.googleapis.com.
Adding missing Helm repo: jenkins-x-chartmuseum http://jenkins-x-chartmuseum:8080
WARNING: No secrets found on "helm/repos" due: reading the secret "helm/repos" from vault: no secret "helm/repos" not found in vault
Read credentials for http://jenkins-x-chartmuseum:8080 from vault helm/repos
Successfully added Helm repository jenkins-x-chartmuseum.
WARNING: No $CHART_REPOSITORY defined so using the default value of: http://jenkins-x-chartmuseum:8080
Adding missing Helm repo: chartmuseum.jenkins-x.io http://chartmuseum.jenkins-x.io
WARNING: No secrets found on "helm/repos" due: reading the secret "helm/repos" from vault: no secret "helm/repos" not found in vault
Read credentials for http://chartmuseum.jenkins-x.io from vault helm/repos
Successfully added Helm repository chartmuseum.jenkins-x.io.
