
Showing logs for build [32mcb-kubecd-environment-pr-206-63-jxgkr-1[0m stage [32mfrom-build-pack[0m and container [32mstep-credential-initializer-g58rk[0m
{"level":"info","ts":1587592564.0278897,"logger":"fallback-logger","caller":"logging/config.go:69","msg":"Fetch GitHub commit ID from kodata failed: open /var/run/ko/refs/heads/0.8.0-ns-support: no such file or directory"}
{"level":"info","ts":1587592564.0307357,"logger":"fallback-logger","caller":"creds-init/main.go:40","msg":"Credentials initialized."}

Showing logs for build [32mcb-kubecd-environment-pr-206-63-jxgkr-1[0m stage [32mfrom-build-pack[0m and container [32mstep-working-dir-initializer-rkgj5[0m
{"level":"info","ts":1587592565.601459,"logger":"fallback-logger","caller":"logging/config.go:69","msg":"Fetch GitHub commit ID from kodata failed: open /var/run/ko/HEAD: no such file or directory"}
{"level":"info","ts":1587592565.6027093,"logger":"fallback-logger","caller":"bash/main.go:64","msg":"Successfully executed command \"sh -c mkdir -p /workspace/source\"; output "}

Showing logs for build [32mcb-kubecd-environment-pr-206-63-jxgkr-1[0m stage [32mfrom-build-pack[0m and container [32mstep-place-tools[0m

Showing logs for build [32mcb-kubecd-environment-pr-206-63-jxgkr-1[0m stage [32mfrom-build-pack[0m and container [32mstep-git-source-cb-kubecd-environment-pr-206-63-jxgkr-fzgnw[0m
{"level":"info","ts":1587592570.767643,"logger":"fallback-logger","caller":"logging/config.go:69","msg":"Fetch GitHub commit ID from kodata failed: open /var/run/ko/refs/heads/0.8.0-ns-support: no such file or directory"}
{"level":"info","ts":1587592571.8089917,"logger":"fallback-logger","caller":"git/git.go:103","msg":"Successfully cloned https://github.com/cb-kubecd/environment-pr-206-63-boot-vault-gke-staging.git @ master in path /workspace/source"}

Showing logs for build [32mcb-kubecd-environment-pr-206-63-jxgkr-1[0m stage [32mfrom-build-pack[0m and container [32mstep-git-merge[0m
Using SHAs from PULL_REFS=master:e4fff1fd33d1ca2a943b9a7a3d7fdaed89b22feb,4:933517bd97a35c9ce099f2bdffbc726a2e037d79
DEBUG: LC_ALL=C JX_LOG_LEVEL=error git fetch origin --unshallow 933517bd97a35c9ce099f2bdffbc726a2e037d79: e4fff1fd33d1ca2a943b9a7a3d7fdaed89b22feb:
DEBUG: ran git fetch --unshallow origin 933517bd97a35c9ce099f2bdffbc726a2e037d79: e4fff1fd33d1ca2a943b9a7a3d7fdaed89b22feb: in 
DEBUG: JX_LOG_LEVEL=error LC_ALL=C git branch
DEBUG: JX_LOG_LEVEL=error LC_ALL=C git checkout master
DEBUG: ran git checkout master in 
DEBUG: LC_ALL=C JX_LOG_LEVEL=error git reset --hard e4fff1fd33d1ca2a943b9a7a3d7fdaed89b22feb
DEBUG: ran git reset --hard e4fff1fd33d1ca2a943b9a7a3d7fdaed89b22feb in 
DEBUG: LC_ALL=C JX_LOG_LEVEL=error git clean -fd .
DEBUG: ran clean --force -d . in 
DEBUG: LC_ALL=C JX_LOG_LEVEL=error git merge 933517bd97a35c9ce099f2bdffbc726a2e037d79
DEBUG: ran git merge 933517bd97a35c9ce099f2bdffbc726a2e037d79 in 
DEBUG: LC_ALL=C JX_LOG_LEVEL=error git log --format=%H%x1f%an%x1f%ae%x1f%cn%x1f%ce%x1f%s%n%b%x1e e4fff1fd33d1ca2a943b9a7a3d7fdaed89b22feb..HEAD
Merged SHA 933517bd97a35c9ce099f2bdffbc726a2e037d79 with commit message 'chore: Promote bdd-sbhg-1587589737 to version 0.0.1' into base branch master

Showing logs for build [32mcb-kubecd-environment-pr-206-63-jxgkr-1[0m stage [32mfrom-build-pack[0m and container [32mstep-build-helm-build[0m
WARNING: No $CHART_REPOSITORY defined so using the default value of: http://jenkins-x-chartmuseum:8080
Adding missing Helm repo: storage.googleapis.com https://storage.googleapis.com/chartmuseum.jenkins-x.io
WARNING: No secrets found on "helm/repos" due: reading the secret "helm/repos" from vault: no secret "helm/repos" not found in vault
Read credentials for https://storage.googleapis.com/chartmuseum.jenkins-x.io from vault helm/repos
Successfully added Helm repository storage.googleapis.com.
Adding missing Helm repo: jenkins-x-chartmuseum http://jenkins-x-chartmuseum:8080
WARNING: No secrets found on "helm/repos" due: reading the secret "helm/repos" from vault: no secret "helm/repos" not found in vault
Read credentials for http://jenkins-x-chartmuseum:8080 from vault helm/repos
Successfully added Helm repository jenkins-x-chartmuseum.
WARNING: No $CHART_REPOSITORY defined so using the default value of: http://jenkins-x-chartmuseum:8080
Adding missing Helm repo: chartmuseum.jenkins-x.io http://chartmuseum.jenkins-x.io
WARNING: No secrets found on "helm/repos" due: reading the secret "helm/repos" from vault: no secret "helm/repos" not found in vault
Read credentials for http://chartmuseum.jenkins-x.io from vault helm/repos
Successfully added Helm repository chartmuseum.jenkins-x.io.
